C:\Users\HP\source\repos\BookMyShow\BookMyShow\ClientApp\dist\out-tsc\e2e\src\app.po.js
C:\Users\HP\source\repos\BookMyShow\BookMyShow\ClientApp\dist\out-tsc\e2e\src\app.po.js.map
C:\Users\HP\source\repos\BookMyShow\BookMyShow\ClientApp\dist\out-tsc\e2e\src\app.e2e-spec.js
C:\Users\HP\source\repos\BookMyShow\BookMyShow\ClientApp\dist\out-tsc\e2e\src\app.e2e-spec.js.map
C:\Users\HP\source\repos\BookMyShow\BookMyShow\ClientApp\dist\out-tsc\src\app\Models\BookingDetails.js
C:\Users\HP\source\repos\BookMyShow\BookMyShow\ClientApp\dist\out-tsc\src\app\Models\BookingDetails.js.map
C:\Users\HP\source\repos\BookMyShow\BookMyShow\ClientApp\dist\out-tsc\src\app\Models\Enum.js
C:\Users\HP\source\repos\BookMyShow\BookMyShow\ClientApp\dist\out-tsc\src\app\Models\Enum.js.map
C:\Users\HP\source\repos\BookMyShow\BookMyShow\ClientApp\dist\out-tsc\src\app\Models\SeatDetails.js
C:\Users\HP\source\repos\BookMyShow\BookMyShow\ClientApp\dist\out-tsc\src\app\Models\SeatDetails.js.map
C:\Users\HP\source\repos\BookMyShow\BookMyShow\ClientApp\dist\out-tsc\src\app\Models\MovieHall.js
C:\Users\HP\source\repos\BookMyShow\BookMyShow\ClientApp\dist\out-tsc\src\app\Models\MovieHall.js.map
C:\Users\HP\source\repos\BookMyShow\BookMyShow\ClientApp\dist\out-tsc\src\app\Models\ShowTimeTable.js
C:\Users\HP\source\repos\BookMyShow\BookMyShow\ClientApp\dist\out-tsc\src\app\Models\ShowTimeTable.js.map
C:\Users\HP\source\repos\BookMyShow\BookMyShow\ClientApp\dist\out-tsc\src\app\Models\showhallprofile.js
C:\Users\HP\source\repos\BookMyShow\BookMyShow\ClientApp\dist\out-tsc\src\app\Models\showhallprofile.js.map
C:\Users\HP\source\repos\BookMyShow\BookMyShow\ClientApp\dist\out-tsc\src\app\Models\LikeDetail.js
C:\Users\HP\source\repos\BookMyShow\BookMyShow\ClientApp\dist\out-tsc\src\app\Models\LikeDetail.js.map
C:\Users\HP\source\repos\BookMyShow\BookMyShow\ClientApp\dist\out-tsc\src\app\Models\UserDetails.js
C:\Users\HP\source\repos\BookMyShow\BookMyShow\ClientApp\dist\out-tsc\src\app\Models\UserDetails.js.map
C:\Users\HP\source\repos\BookMyShow\BookMyShow\ClientApp\dist\out-tsc\src\app\Models\Cast.js
C:\Users\HP\source\repos\BookMyShow\BookMyShow\ClientApp\dist\out-tsc\src\app\Models\Cast.js.map
C:\Users\HP\source\repos\BookMyShow\BookMyShow\ClientApp\dist\out-tsc\src\app\Models\Movie.js
C:\Users\HP\source\repos\BookMyShow\BookMyShow\ClientApp\dist\out-tsc\src\app\Models\Movie.js.map
C:\Users\HP\source\repos\BookMyShow\BookMyShow\ClientApp\dist\out-tsc\src\app\services\http.service.js
C:\Users\HP\source\repos\BookMyShow\BookMyShow\ClientApp\dist\out-tsc\src\app\services\http.service.js.map
C:\Users\HP\source\repos\BookMyShow\BookMyShow\ClientApp\dist\out-tsc\src\app\services\authentication.service.js
C:\Users\HP\source\repos\BookMyShow\BookMyShow\ClientApp\dist\out-tsc\src\app\services\authentication.service.js.map
C:\Users\HP\source\repos\BookMyShow\BookMyShow\ClientApp\dist\out-tsc\src\app\booking-form\booking-form.component.js
C:\Users\HP\source\repos\BookMyShow\BookMyShow\ClientApp\dist\out-tsc\src\app\booking-form\booking-form.component.js.map
C:\Users\HP\source\repos\BookMyShow\BookMyShow\ClientApp\dist\out-tsc\src\app\headers\headers.component.js
C:\Users\HP\source\repos\BookMyShow\BookMyShow\ClientApp\dist\out-tsc\src\app\headers\headers.component.js.map
C:\Users\HP\source\repos\BookMyShow\BookMyShow\ClientApp\dist\out-tsc\src\app\home\home.component.js
C:\Users\HP\source\repos\BookMyShow\BookMyShow\ClientApp\dist\out-tsc\src\app\home\home.component.js.map
C:\Users\HP\source\repos\BookMyShow\BookMyShow\ClientApp\dist\out-tsc\src\app\show-detail\show-detail.component.js
C:\Users\HP\source\repos\BookMyShow\BookMyShow\ClientApp\dist\out-tsc\src\app\show-detail\show-detail.component.js.map
C:\Users\HP\source\repos\BookMyShow\BookMyShow\ClientApp\dist\out-tsc\src\app\theatre\theatre.component.js
C:\Users\HP\source\repos\BookMyShow\BookMyShow\ClientApp\dist\out-tsc\src\app\theatre\theatre.component.js.map
C:\Users\HP\source\repos\BookMyShow\BookMyShow\ClientApp\dist\out-tsc\src\app\signup\signup.component.js
C:\Users\HP\source\repos\BookMyShow\BookMyShow\ClientApp\dist\out-tsc\src\app\signup\signup.component.js.map
C:\Users\HP\source\repos\BookMyShow\BookMyShow\ClientApp\dist\out-tsc\src\app\login\login.component.js
C:\Users\HP\source\repos\BookMyShow\BookMyShow\ClientApp\dist\out-tsc\src\app\login\login.component.js.map
C:\Users\HP\source\repos\BookMyShow\BookMyShow\ClientApp\dist\out-tsc\src\app\user-profile\user-profile.component.js
C:\Users\HP\source\repos\BookMyShow\BookMyShow\ClientApp\dist\out-tsc\src\app\user-profile\user-profile.component.js.map
C:\Users\HP\source\repos\BookMyShow\BookMyShow\ClientApp\dist\out-tsc\src\app\auth\authguard.guard.js
C:\Users\HP\source\repos\BookMyShow\BookMyShow\ClientApp\dist\out-tsc\src\app\auth\authguard.guard.js.map
C:\Users\HP\source\repos\BookMyShow\BookMyShow\ClientApp\dist\out-tsc\src\app\add-movie\add-movie.component.js
C:\Users\HP\source\repos\BookMyShow\BookMyShow\ClientApp\dist\out-tsc\src\app\add-movie\add-movie.component.js.map
C:\Users\HP\source\repos\BookMyShow\BookMyShow\ClientApp\dist\out-tsc\src\app\slideshow\slideshow.component.js
C:\Users\HP\source\repos\BookMyShow\BookMyShow\ClientApp\dist\out-tsc\src\app\slideshow\slideshow.component.js.map
C:\Users\HP\source\repos\BookMyShow\BookMyShow\ClientApp\dist\out-tsc\src\app\movies\movies.component.js
C:\Users\HP\source\repos\BookMyShow\BookMyShow\ClientApp\dist\out-tsc\src\app\movies\movies.component.js.map
C:\Users\HP\source\repos\BookMyShow\BookMyShow\ClientApp\dist\out-tsc\src\app\app-routing.module.js
C:\Users\HP\source\repos\BookMyShow\BookMyShow\ClientApp\dist\out-tsc\src\app\app-routing.module.js.map
C:\Users\HP\source\repos\BookMyShow\BookMyShow\ClientApp\dist\out-tsc\src\app\app.component.js
C:\Users\HP\source\repos\BookMyShow\BookMyShow\ClientApp\dist\out-tsc\src\app\app.component.js.map
C:\Users\HP\source\repos\BookMyShow\BookMyShow\ClientApp\dist\out-tsc\src\app\app.module.js
C:\Users\HP\source\repos\BookMyShow\BookMyShow\ClientApp\dist\out-tsc\src\app\app.module.js.map
C:\Users\HP\source\repos\BookMyShow\BookMyShow\ClientApp\dist\out-tsc\src\environments\environment.js
C:\Users\HP\source\repos\BookMyShow\BookMyShow\ClientApp\dist\out-tsc\src\environments\environment.js.map
C:\Users\HP\source\repos\BookMyShow\BookMyShow\ClientApp\dist\out-tsc\src\main.js
C:\Users\HP\source\repos\BookMyShow\BookMyShow\ClientApp\dist\out-tsc\src\main.js.map
C:\Users\HP\source\repos\BookMyShow\BookMyShow\ClientApp\dist\out-tsc\src\polyfills.js
C:\Users\HP\source\repos\BookMyShow\BookMyShow\ClientApp\dist\out-tsc\src\polyfills.js.map
C:\Users\HP\source\repos\BookMyShow\BookMyShow\ClientApp\dist\out-tsc\src\test.js
C:\Users\HP\source\repos\BookMyShow\BookMyShow\ClientApp\dist\out-tsc\src\test.js.map
C:\Users\HP\source\repos\BookMyShow\BookMyShow\ClientApp\dist\out-tsc\src\app\app.component.spec.js
C:\Users\HP\source\repos\BookMyShow\BookMyShow\ClientApp\dist\out-tsc\src\app\app.component.spec.js.map
C:\Users\HP\source\repos\BookMyShow\BookMyShow\ClientApp\dist\out-tsc\src\app\services\authentication.service.spec.js
C:\Users\HP\source\repos\BookMyShow\BookMyShow\ClientApp\dist\out-tsc\src\app\services\authentication.service.spec.js.map
C:\Users\HP\source\repos\BookMyShow\BookMyShow\ClientApp\dist\out-tsc\src\app\services\http.service.spec.js
C:\Users\HP\source\repos\BookMyShow\BookMyShow\ClientApp\dist\out-tsc\src\app\services\http.service.spec.js.map
C:\Users\HP\source\repos\BookMyShow\BookMyShow\ClientApp\dist\out-tsc\src\environments\environment.prod.js
C:\Users\HP\source\repos\BookMyShow\BookMyShow\ClientApp\dist\out-tsc\src\environments\environment.prod.js.map
